<?xml version="1.0" encoding="UTF-8"?>
<testng-results ignored="0" total="1" passed="1" failed="0" skipped="0">
  <reporter-output>
  </reporter-output>
  <suite started-at="2022-04-02T14:13:58Z" name="Default suite" finished-at="2022-04-02T14:14:02Z" duration-ms="4031">
    <groups>
    </groups>
    <test started-at="2022-04-02T14:13:58Z" name="Default test" finished-at="2022-04-02T14:14:02Z" duration-ms="4031">
      <class name="test.TestSel">
        <test-method signature="selenium_test01()[pri:0, instance:test.TestSel@2d901eb0]" started-at="2022-04-02T08:13:58Z" name="selenium_test01" finished-at="2022-04-02T08:14:02Z" duration-ms="3992" status="PASS">
          <reporter-output>
          </reporter-output>
        </test-method> <!-- selenium_test01 -->
      </class> <!-- test.TestSel -->
    </test> <!-- Default test -->
  </suite> <!-- Default suite -->
</testng-results>
